# JRE version: Java(TM) SE Runtime Environment (21.0.3+7) (build 21.0.3+7-LTS-152)
# Java VM: Java HotSpot(TM) 64-Bit Server VM (21.0.3+7-LTS-152, mixed mode, sharing, tiered, compressed oops, compressed class ptrs, g1 gc, windows-amd64)
GC Precious Log:
 CardTable entry size: 512
 Card Set container configuration: InlinePtr #cards 4 size 8 Array Of Cards #cards 16 size 48 Howl #buckets 8 coarsen threshold 3686 Howl Bitmap #cards 512 size 80 coarsen threshold 460 Card regions per heap region 1 cards per card region 4096
 CPUs: 12 total, 12 available
 Memory: 15720M
 Large Page Support: Disabled
 NUMA Support: Disabled
 Compressed Oops: Enabled (Zero based)
 Heap Region Size: 2M
 Heap Min Capacity: 8M
 Heap Initial Capacity: 246M
 Heap Max Capacity: 3932M
 Pre-touch: Disabled
 Parallel Workers: 10
 Concurrent Workers: 3
 Concurrent Refinement Workers: 10
 Periodic GC: Disabled
Heap:
 garbage-first heap   total 163840K, used 87020K [0x000000070a400000, 0x0000000800000000)
  region size 2048K, 14 young (28672K), 3 survivors (6144K)
 Metaspace       used 97050K, committed 97984K, reserved 1179648K
  class space    used 13383K, committed 13824K, reserved 1048576K
GC Heap History (20 events):
Event: 9.224 GC heap before
{Heap before GC invocations=16 (full 0):
 garbage-first heap   total 141312K, used 116764K [0x000000070a400000, 0x0000000800000000)
  region size 2048K, 30 young (61440K), 1 survivors (2048K)
 Metaspace       used 79941K, committed 80640K, reserved 1179648K
  class space    used 10940K, committed 11264K, reserved 1048576K
}
Event: 9.231 GC heap after
{Heap after GC invocations=17 (full 0):
 garbage-first heap   total 141312K, used 65065K [0x000000070a400000, 0x0000000800000000)
  region size 2048K, 4 young (8192K), 4 survivors (8192K)
 Metaspace       used 79941K, committed 80640K, reserved 1179648K
  class space    used 10940K, committed 11264K, reserved 1048576K
}
Event: 9.348 GC heap before
{Heap before GC invocations=18 (full 0):
 garbage-first heap   total 141312K, used 118313K [0x000000070a400000, 0x0000000800000000)
  region size 2048K, 30 young (61440K), 4 survivors (8192K)
 Metaspace       used 79942K, committed 80640K, reserved 1179648K
  class space    used 10940K, committed 11264K, reserved 1048576K
}
Event: 9.357 GC heap after
{Heap after GC invocations=19 (full 0):
 garbage-first heap   total 141312K, used 75093K [0x000000070a400000, 0x0000000800000000)
  region size 2048K, 4 young (8192K), 4 survivors (8192K)
 Metaspace       used 79942K, committed 80640K, reserved 1179648K
  class space    used 10940K, committed 11264K, reserved 1048576K
}
Event: 9.469 GC heap before
{Heap before GC invocations=19 (full 0):
 garbage-first heap   total 141312K, used 120149K [0x000000070a400000, 0x0000000800000000)
  region size 2048K, 26 young (53248K), 4 survivors (8192K)
 Metaspace       used 80512K, committed 81216K, reserved 1179648K
  class space    used 11067K, committed 11392K, reserved 1048576K
}
Event: 9.474 GC heap after
{Heap after GC invocations=20 (full 0):
 garbage-first heap   total 141312K, used 76802K [0x000000070a400000, 0x0000000800000000)
  region size 2048K, 1 young (2048K), 1 survivors (2048K)
 Metaspace       used 80512K, committed 81216K, reserved 1179648K
  class space    used 11067K, committed 11392K, reserved 1048576K
}
Event: 9.643 GC heap before
{Heap before GC invocations=20 (full 0):
 garbage-first heap   total 141312K, used 121858K [0x000000070a400000, 0x0000000800000000)
  region size 2048K, 23 young (47104K), 1 survivors (2048K)
 Metaspace       used 81152K, committed 81856K, reserved 1179648K
  class space    used 11149K, committed 11456K, reserved 1048576K
}
Event: 9.647 GC heap after
{Heap after GC invocations=21 (full 0):
 garbage-first heap   total 141312K, used 79146K [0x000000070a400000, 0x0000000800000000)
  region size 2048K, 3 young (6144K), 3 survivors (6144K)
 Metaspace       used 81152K, committed 81856K, reserved 1179648K
  class space    used 11149K, committed 11456K, reserved 1048576K
}
Event: 10.082 GC heap before
{Heap before GC invocations=22 (full 0):
 garbage-first heap   total 163840K, used 120106K [0x000000070a400000, 0x0000000800000000)
  region size 2048K, 24 young (49152K), 3 survivors (6144K)
 Metaspace       used 82797K, committed 83520K, reserved 1179648K
  class space    used 11378K, committed 11712K, reserved 1048576K
}
Event: 10.086 GC heap after
{Heap after GC invocations=23 (full 0):
 garbage-first heap   total 163840K, used 77042K [0x000000070a400000, 0x0000000800000000)
  region size 2048K, 2 young (4096K), 2 survivors (4096K)
 Metaspace       used 82797K, committed 83520K, reserved 1179648K
  class space    used 11378K, committed 11712K, reserved 1048576K
}
Event: 11.052 GC heap before
{Heap before GC invocations=23 (full 0):
 garbage-first heap   total 163840K, used 140530K [0x000000070a400000, 0x0000000800000000)
  region size 2048K, 34 young (69632K), 2 survivors (4096K)
 Metaspace       used 89150K, committed 89920K, reserved 1179648K
  class space    used 12208K, committed 12544K, reserved 1048576K
}
Event: 11.059 GC heap after
{Heap after GC invocations=24 (full 0):
 garbage-first heap   total 163840K, used 69849K [0x000000070a400000, 0x0000000800000000)
  region size 2048K, 5 young (10240K), 5 survivors (10240K)
 Metaspace       used 89150K, committed 89920K, reserved 1179648K
  class space    used 12208K, committed 12544K, reserved 1048576K
}
Event: 12.406 GC heap before
{Heap before GC invocations=24 (full 0):
 garbage-first heap   total 163840K, used 141529K [0x000000070a400000, 0x0000000800000000)
  region size 2048K, 40 young (81920K), 5 survivors (10240K)
 Metaspace       used 96517K, committed 97408K, reserved 1179648K
  class space    used 13313K, committed 13760K, reserved 1048576K
}
Event: 12.412 GC heap after
{Heap after GC invocations=25 (full 0):
 garbage-first heap   total 163840K, used 73562K [0x000000070a400000, 0x0000000800000000)
  region size 2048K, 3 young (6144K), 3 survivors (6144K)
 Metaspace       used 96517K, committed 97408K, reserved 1179648K
  class space    used 13313K, committed 13760K, reserved 1048576K
}
Event: 514.493 GC heap before
{Heap before GC invocations=26 (full 0):
 garbage-first heap   total 163840K, used 143194K [0x000000070a400000, 0x0000000800000000)
  region size 2048K, 37 young (75776K), 3 survivors (6144K)
 Metaspace       used 96917K, committed 97856K, reserved 1179648K
  class space    used 13379K, committed 13824K, reserved 1048576K
}
Event: 514.497 GC heap after
{Heap after GC invocations=27 (full 0):
 garbage-first heap   total 163840K, used 73430K [0x000000070a400000, 0x0000000800000000)
  region size 2048K, 3 young (6144K), 3 survivors (6144K)
 Metaspace       used 96917K, committed 97856K, reserved 1179648K
  class space    used 13379K, committed 13824K, reserved 1048576K
}
Event: 1076.272 GC heap before
{Heap before GC invocations=27 (full 0):
 garbage-first heap   total 163840K, used 147158K [0x000000070a400000, 0x0000000800000000)
  region size 2048K, 39 young (79872K), 3 survivors (6144K)
 Metaspace       used 96940K, committed 97920K, reserved 1179648K
  class space    used 13379K, committed 13824K, reserved 1048576K
}
Event: 1076.276 GC heap after
{Heap after GC invocations=28 (full 0):
 garbage-first heap   total 163840K, used 71851K [0x000000070a400000, 0x0000000800000000)
  region size 2048K, 3 young (6144K), 3 survivors (6144K)
 Metaspace       used 96940K, committed 97920K, reserved 1179648K
  class space    used 13379K, committed 13824K, reserved 1048576K
}
Event: 1655.766 GC heap before
{Heap before GC invocations=28 (full 0):
 garbage-first heap   total 163840K, used 147627K [0x000000070a400000, 0x0000000800000000)
  region size 2048K, 40 young (81920K), 3 survivors (6144K)
 Metaspace       used 96944K, committed 97920K, reserved 1179648K
  class space    used 13379K, committed 13824K, reserved 1048576K
}
Event: 1655.772 GC heap after
{Heap after GC invocations=29 (full 0):
 garbage-first heap   total 163840K, used 66540K [0x000000070a400000, 0x0000000800000000)
  region size 2048K, 3 young (6144K), 3 survivors (6144K)
 Metaspace       used 96944K, committed 97920K, reserved 1179648K
  class space    used 13379K, committed 13824K, reserved 1048576K
}

